  exam01.c
  exam02.c
  exam03.c
  exam04.c
  exam05.c
C:\Users\lkjun\OneDrive\바탕 화면\Programing_Workspace\C_Workspace\C\C_practice\practice_Chapter03(표준입출력함수)\practice_Chapter03(표준입출력함수)\exam03.c(9,43): warning C4474: 'printf' : 서식 문자열에 전달된 인수가 너무 많습니다.
  C:\Users\lkjun\OneDrive\바탕 화면\Programing_Workspace\C_Workspace\C\C_practice\practice_Chapter03(표준입출력함수)\practice_Chapter03(표준입출력함수)\exam03.c(9,43):
  자리 표시자 및 해당 매개 변수에는 variadic 인수가 0개 필요하지만 1개가 제공되었습니다.
  
C:\Users\lkjun\OneDrive\바탕 화면\Programing_Workspace\C_Workspace\C\C_practice\practice_Chapter03(표준입출력함수)\practice_Chapter03(표준입출력함수)\exam03.c(12,38): warning C4474: 'printf' : 서식 문자열에 전달된 인수가 너무 많습니다.
  C:\Users\lkjun\OneDrive\바탕 화면\Programing_Workspace\C_Workspace\C\C_practice\practice_Chapter03(표준입출력함수)\practice_Chapter03(표준입출력함수)\exam03.c(12,38):
  자리 표시자 및 해당 매개 변수에는 variadic 인수가 0개 필요하지만 1개가 제공되었습니다.
  
C:\Users\lkjun\OneDrive\바탕 화면\Programing_Workspace\C_Workspace\C\C_practice\practice_Chapter03(표준입출력함수)\practice_Chapter03(표준입출력함수)\exam03.c(15,68): warning C4474: 'printf' : 서식 문자열에 전달된 인수가 너무 많습니다.
  C:\Users\lkjun\OneDrive\바탕 화면\Programing_Workspace\C_Workspace\C\C_practice\practice_Chapter03(표준입출력함수)\practice_Chapter03(표준입출력함수)\exam03.c(15,68):
  자리 표시자 및 해당 매개 변수에는 variadic 인수가 0개 필요하지만 1개가 제공되었습니다.
  
C:\Users\lkjun\OneDrive\바탕 화면\Programing_Workspace\C_Workspace\C\C_practice\practice_Chapter03(표준입출력함수)\practice_Chapter03(표준입출력함수)\exam03.c(18,94): warning C4474: 'printf' : 서식 문자열에 전달된 인수가 너무 많습니다.
  C:\Users\lkjun\OneDrive\바탕 화면\Programing_Workspace\C_Workspace\C\C_practice\practice_Chapter03(표준입출력함수)\practice_Chapter03(표준입출력함수)\exam03.c(18,94):
  자리 표시자 및 해당 매개 변수에는 variadic 인수가 0개 필요하지만 1개가 제공되었습니다.
  
  exam06.c
  exam07.c
  lab1.c
C:\Users\lkjun\OneDrive\바탕 화면\Programing_Workspace\C_Workspace\C\C_practice\practice_Chapter03(표준입출력함수)\practice_Chapter03(표준입출력함수)\lab1.c(37,14): warning C4244: '=': 'double'에서 'float'(으)로 변환하면서 데이터가 손실될 수 있습니다.
  lab2.c
  코드를 생성하고 있습니다...
exam02.obj : error LNK2005: main이(가) exam01.obj에 이미 정의되어 있습니다.
exam03.obj : error LNK2005: main이(가) exam01.obj에 이미 정의되어 있습니다.
exam04.obj : error LNK2005: main이(가) exam01.obj에 이미 정의되어 있습니다.
exam05.obj : error LNK2005: main이(가) exam01.obj에 이미 정의되어 있습니다.
exam06.obj : error LNK2005: main이(가) exam01.obj에 이미 정의되어 있습니다.
exam07.obj : error LNK2005: main이(가) exam01.obj에 이미 정의되어 있습니다.
lab1.obj : error LNK2005: main이(가) exam01.obj에 이미 정의되어 있습니다.
lab2.obj : error LNK2005: main이(가) exam01.obj에 이미 정의되어 있습니다.
lab3.obj : error LNK2005: main이(가) exam01.obj에 이미 정의되어 있습니다.
C:\Users\lkjun\OneDrive\바탕 화면\Programing_Workspace\C_Workspace\C\C_practice\practice_Chapter03(표준입출력함수)\x64\Debug\practice_Chapter03(표준입출력함수).exe : fatal error LNK1169: 여러 번 정의된 기호가 있습니다.
